  [1m[35m (12.4ms)[0m  [1m[35mCREATE TABLE "schema_migrations" ("version" character varying NOT NULL PRIMARY KEY)[0m
  [1m[35m (8.6ms)[0m  [1m[35mCREATE TABLE "ar_internal_metadata" ("key" character varying NOT NULL PRIMARY KEY, "value" character varying, "created_at" timestamp NOT NULL, "updated_at" timestamp NOT NULL)[0m
  [1m[35m (0.4ms)[0m  [1m[34mSELECT pg_try_advisory_lock(2844160155362222340)[0m
  [1m[35m (0.8ms)[0m  [1m[34mSELECT "schema_migrations"."version" FROM "schema_migrations" ORDER BY "schema_migrations"."version" ASC[0m
Migrating to CreateMonths (20180522150002)
  [1m[35m (0.3ms)[0m  [1m[35mBEGIN[0m
  [1m[35m (8.1ms)[0m  [1m[35mCREATE TABLE "months" ("id" bigserial primary key, "name" character varying, "created_at" timestamp NOT NULL, "updated_at" timestamp NOT NULL)[0m
  [1m[35mSQL (0.6ms)[0m  [1m[32mINSERT INTO "schema_migrations" ("version") VALUES ($1) RETURNING "version"[0m  [["version", "20180522150002"]]
  [1m[35m (1.4ms)[0m  [1m[35mCOMMIT[0m
Migrating to CreateCountries (20180522150035)
  [1m[35m (0.3ms)[0m  [1m[35mBEGIN[0m
  [1m[35m (7.1ms)[0m  [1m[35mCREATE TABLE "countries" ("id" bigserial primary key, "name" character varying, "created_at" timestamp NOT NULL, "updated_at" timestamp NOT NULL)[0m
  [1m[35mSQL (0.4ms)[0m  [1m[32mINSERT INTO "schema_migrations" ("version") VALUES ($1) RETURNING "version"[0m  [["version", "20180522150035"]]
  [1m[35m (1.3ms)[0m  [1m[35mCOMMIT[0m
Migrating to CreateCities (20180522150228)
  [1m[35m (0.3ms)[0m  [1m[35mBEGIN[0m
  [1m[35m (7.0ms)[0m  [1m[35mCREATE TABLE "cities" ("id" bigserial primary key, "name" character varying, "country_id" integer, "created_at" timestamp NOT NULL, "updated_at" timestamp NOT NULL)[0m
  [1m[35mSQL (0.4ms)[0m  [1m[32mINSERT INTO "schema_migrations" ("version") VALUES ($1) RETURNING "version"[0m  [["version", "20180522150228"]]
  [1m[35m (1.4ms)[0m  [1m[35mCOMMIT[0m
Migrating to CreateHotels (20180522151011)
  [1m[35m (0.2ms)[0m  [1m[35mBEGIN[0m
  [1m[35m (7.3ms)[0m  [1m[35mCREATE TABLE "hotels" ("id" bigserial primary key, "city_id" integer, "name" character varying, "formatted_address" text, "latitude" float, "longitude" float, "rating" float, "photo_reference" text, "place_id" character varying, "created_at" timestamp NOT NULL, "updated_at" timestamp NOT NULL)[0m
  [1m[35mSQL (0.4ms)[0m  [1m[32mINSERT INTO "schema_migrations" ("version") VALUES ($1) RETURNING "version"[0m  [["version", "20180522151011"]]
  [1m[35m (1.4ms)[0m  [1m[35mCOMMIT[0m
  [1m[36mActiveRecord::InternalMetadata Load (0.5ms)[0m  [1m[34mSELECT  "ar_internal_metadata".* FROM "ar_internal_metadata" WHERE "ar_internal_metadata"."key" = $1 LIMIT $2[0m  [["key", "environment"], ["LIMIT", 1]]
  [1m[35m (0.3ms)[0m  [1m[35mBEGIN[0m
  [1m[35mSQL (0.7ms)[0m  [1m[32mINSERT INTO "ar_internal_metadata" ("key", "value", "created_at", "updated_at") VALUES ($1, $2, $3, $4) RETURNING "key"[0m  [["key", "environment"], ["value", "development"], ["created_at", "2018-05-22 15:12:06.087759"], ["updated_at", "2018-05-22 15:12:06.087759"]]
  [1m[35m (1.2ms)[0m  [1m[35mCOMMIT[0m
  [1m[35m (0.3ms)[0m  [1m[34mSELECT pg_advisory_unlock(2844160155362222340)[0m
  [1m[35m (1.4ms)[0m  [1m[34mSELECT "schema_migrations"."version" FROM "schema_migrations" ORDER BY "schema_migrations"."version" ASC[0m
  [1m[35m (0.4ms)[0m  [1m[34mSELECT "schema_migrations"."version" FROM "schema_migrations" ORDER BY "schema_migrations"."version" ASC[0m
  [1m[35m (0.2ms)[0m  [1m[34mSELECT "ar_internal_metadata"."value" FROM "ar_internal_metadata" WHERE "ar_internal_metadata"."key" = $1[0m  [["key", "environment"]]
  [1m[35m (0.2ms)[0m  [1m[34mSELECT "schema_migrations"."version" FROM "schema_migrations" ORDER BY "schema_migrations"."version" ASC[0m
  [1m[35m (0.1ms)[0m  [1m[34mSELECT "ar_internal_metadata"."value" FROM "ar_internal_metadata" WHERE "ar_internal_metadata"."key" = $1[0m  [["key", "environment"]]
  [1m[35m (0.1ms)[0m  [1m[34mSELECT "schema_migrations"."version" FROM "schema_migrations" ORDER BY "schema_migrations"."version" ASC[0m
  [1m[35m (0.1ms)[0m  [1m[34mSELECT "ar_internal_metadata"."value" FROM "ar_internal_metadata" WHERE "ar_internal_metadata"."key" = $1[0m  [["key", "environment"]]
  [1m[35mSQL (0.2ms)[0m  [1m[35mCREATE EXTENSION IF NOT EXISTS "plpgsql"[0m
  [1m[35m (2.2ms)[0m  [1m[35mDROP TABLE IF EXISTS "cities" CASCADE[0m
  [1m[35m (6.9ms)[0m  [1m[35mCREATE TABLE "cities" ("id" bigserial primary key, "name" character varying, "country_id" integer, "created_at" timestamp NOT NULL, "updated_at" timestamp NOT NULL)[0m
  [1m[35m (3.0ms)[0m  [1m[35mDROP TABLE IF EXISTS "countries" CASCADE[0m
  [1m[35m (9.5ms)[0m  [1m[35mCREATE TABLE "countries" ("id" bigserial primary key, "name" character varying, "created_at" timestamp NOT NULL, "updated_at" timestamp NOT NULL)[0m
  [1m[35m (4.3ms)[0m  [1m[35mDROP TABLE IF EXISTS "hotels" CASCADE[0m
  [1m[35m (7.0ms)[0m  [1m[35mCREATE TABLE "hotels" ("id" bigserial primary key, "city_id" integer, "name" character varying, "formatted_address" text, "latitude" float, "longitude" float, "rating" float, "photo_reference" text, "place_id" character varying, "created_at" timestamp NOT NULL, "updated_at" timestamp NOT NULL)[0m
  [1m[35m (3.2ms)[0m  [1m[35mDROP TABLE IF EXISTS "months" CASCADE[0m
  [1m[35m (7.4ms)[0m  [1m[35mCREATE TABLE "months" ("id" bigserial primary key, "name" character varying, "created_at" timestamp NOT NULL, "updated_at" timestamp NOT NULL)[0m
  [1m[35m (0.6ms)[0m  [1m[34mSELECT "schema_migrations"."version" FROM "schema_migrations" ORDER BY "schema_migrations"."version" ASC[0m
  [1m[36mActiveRecord::InternalMetadata Load (0.3ms)[0m  [1m[34mSELECT  "ar_internal_metadata".* FROM "ar_internal_metadata" WHERE "ar_internal_metadata"."key" = $1 LIMIT $2[0m  [["key", "environment"], ["LIMIT", 1]]
  [1m[35m (0.5ms)[0m  [1m[35mBEGIN[0m
  [1m[35m (0.2ms)[0m  [1m[35mCOMMIT[0m
  [1m[36mActiveRecord::InternalMetadata Load (0.3ms)[0m  [1m[34mSELECT  "ar_internal_metadata".* FROM "ar_internal_metadata" WHERE "ar_internal_metadata"."key" = $1 LIMIT $2[0m  [["key", "environment"], ["LIMIT", 1]]
  [1m[35m (0.1ms)[0m  [1m[35mBEGIN[0m
  [1m[35m (0.1ms)[0m  [1m[35mCOMMIT[0m
  [1m[35mSQL (0.3ms)[0m  [1m[35mCREATE EXTENSION IF NOT EXISTS "plpgsql"[0m
  [1m[35m (0.2ms)[0m  [1m[35mDROP TABLE IF EXISTS "cities" CASCADE[0m
  [1m[35m (8.9ms)[0m  [1m[35mCREATE TABLE "cities" ("id" bigserial primary key, "name" character varying, "country_id" integer, "created_at" timestamp NOT NULL, "updated_at" timestamp NOT NULL)[0m
  [1m[35m (0.2ms)[0m  [1m[35mDROP TABLE IF EXISTS "countries" CASCADE[0m
  [1m[35m (12.7ms)[0m  [1m[35mCREATE TABLE "countries" ("id" bigserial primary key, "name" character varying, "created_at" timestamp NOT NULL, "updated_at" timestamp NOT NULL)[0m
  [1m[35m (0.5ms)[0m  [1m[35mDROP TABLE IF EXISTS "hotels" CASCADE[0m
  [1m[35m (10.1ms)[0m  [1m[35mCREATE TABLE "hotels" ("id" bigserial primary key, "city_id" integer, "name" character varying, "formatted_address" text, "latitude" float, "longitude" float, "rating" float, "photo_reference" text, "place_id" character varying, "created_at" timestamp NOT NULL, "updated_at" timestamp NOT NULL)[0m
  [1m[35m (0.7ms)[0m  [1m[35mDROP TABLE IF EXISTS "months" CASCADE[0m
  [1m[35m (12.1ms)[0m  [1m[35mCREATE TABLE "months" ("id" bigserial primary key, "name" character varying, "created_at" timestamp NOT NULL, "updated_at" timestamp NOT NULL)[0m
  [1m[35m (10.5ms)[0m  [1m[35mCREATE TABLE "schema_migrations" ("version" character varying NOT NULL PRIMARY KEY)[0m
  [1m[35m (0.6ms)[0m  [1m[34mSELECT "schema_migrations"."version" FROM "schema_migrations" ORDER BY "schema_migrations"."version" ASC[0m
  [1m[35m (1.4ms)[0m  [1m[32mINSERT INTO "schema_migrations" (version) VALUES (20180522151011)[0m
  [1m[35m (1.2ms)[0m  [1m[32mINSERT INTO "schema_migrations" (version) VALUES
(20180522150002),
(20180522150228),
(20180522150035);

[0m
  [1m[35m (8.1ms)[0m  [1m[35mCREATE TABLE "ar_internal_metadata" ("key" character varying NOT NULL PRIMARY KEY, "value" character varying, "created_at" timestamp NOT NULL, "updated_at" timestamp NOT NULL)[0m
  [1m[36mActiveRecord::InternalMetadata Load (0.7ms)[0m  [1m[34mSELECT  "ar_internal_metadata".* FROM "ar_internal_metadata" WHERE "ar_internal_metadata"."key" = $1 LIMIT $2[0m  [["key", "environment"], ["LIMIT", 1]]
  [1m[35m (0.3ms)[0m  [1m[35mBEGIN[0m
  [1m[35mSQL (0.8ms)[0m  [1m[32mINSERT INTO "ar_internal_metadata" ("key", "value", "created_at", "updated_at") VALUES ($1, $2, $3, $4) RETURNING "key"[0m  [["key", "environment"], ["value", "development"], ["created_at", "2018-05-22 15:12:15.049529"], ["updated_at", "2018-05-22 15:12:15.049529"]]
  [1m[35m (1.2ms)[0m  [1m[35mCOMMIT[0m
  [1m[36mActiveRecord::InternalMetadata Load (0.5ms)[0m  [1m[34mSELECT  "ar_internal_metadata".* FROM "ar_internal_metadata" WHERE "ar_internal_metadata"."key" = $1 LIMIT $2[0m  [["key", "environment"], ["LIMIT", 1]]
  [1m[35m (0.3ms)[0m  [1m[35mBEGIN[0m
  [1m[35mSQL (0.6ms)[0m  [1m[33mUPDATE "ar_internal_metadata" SET "value" = $1, "updated_at" = $2 WHERE "ar_internal_metadata"."key" = $3[0m  [["value", "test"], ["updated_at", "2018-05-22 15:12:15.057332"], ["key", "environment"]]
  [1m[35m (1.2ms)[0m  [1m[35mCOMMIT[0m
  [1m[35m (1.4ms)[0m  [1m[34mSELECT "schema_migrations"."version" FROM "schema_migrations" ORDER BY "schema_migrations"."version" ASC[0m
  [1m[35m (0.4ms)[0m  [1m[34mSELECT "schema_migrations"."version" FROM "schema_migrations" ORDER BY "schema_migrations"."version" ASC[0m
  [1m[35m (0.4ms)[0m  [1m[35mBEGIN[0m
  [1m[35m (0.2ms)[0m  [1m[31mROLLBACK[0m
  [1m[35m (0.5ms)[0m  [1m[35mBEGIN[0m
  [1m[35mSQL (0.9ms)[0m  [1m[32mINSERT INTO "months" ("name", "created_at", "updated_at") VALUES ($1, $2, $3) RETURNING "id"[0m  [["name", "June"], ["created_at", "2018-05-22 15:25:10.467664"], ["updated_at", "2018-05-22 15:25:10.467664"]]
  [1m[35m (1.2ms)[0m  [1m[35mCOMMIT[0m
  [1m[35m (0.2ms)[0m  [1m[35mBEGIN[0m
  [1m[35mSQL (0.7ms)[0m  [1m[32mINSERT INTO "countries" ("name", "created_at", "updated_at") VALUES ($1, $2, $3) RETURNING "id"[0m  [["name", "canada"], ["created_at", "2018-05-22 15:25:32.227918"], ["updated_at", "2018-05-22 15:25:32.227918"]]
  [1m[35m (3.7ms)[0m  [1m[35mCOMMIT[0m
  [1m[35m (0.2ms)[0m  [1m[35mBEGIN[0m
  [1m[35m (0.2ms)[0m  [1m[31mROLLBACK[0m
  [1m[35m (0.3ms)[0m  [1m[35mBEGIN[0m
  [1m[36mCountry Load (0.4ms)[0m  [1m[34mSELECT  "countries".* FROM "countries" WHERE "countries"."id" = $1 LIMIT $2[0m  [["id", 1], ["LIMIT", 1]]
  [1m[35mSQL (0.6ms)[0m  [1m[32mINSERT INTO "cities" ("name", "country_id", "created_at", "updated_at") VALUES ($1, $2, $3, $4) RETURNING "id"[0m  [["name", "toronto"], ["country_id", 1], ["created_at", "2018-05-22 15:27:20.542678"], ["updated_at", "2018-05-22 15:27:20.542678"]]
  [1m[35m (1.3ms)[0m  [1m[35mCOMMIT[0m
  [1m[36mCountry Load (0.7ms)[0m  [1m[34mSELECT  "countries".* FROM "countries" ORDER BY "countries"."id" ASC LIMIT $1[0m  [["LIMIT", 1]]
  [1m[36mCountry Load (0.9ms)[0m  [1m[34mSELECT  "countries".* FROM "countries" ORDER BY "countries"."id" ASC LIMIT $1[0m  [["LIMIT", 1]]
  [1m[36mCountry Load (0.8ms)[0m  [1m[34mSELECT  "countries".* FROM "countries" ORDER BY "countries"."id" ASC LIMIT $1[0m  [["LIMIT", 1]]
  [1m[36mCity Load (0.8ms)[0m  [1m[34mSELECT  "cities".* FROM "cities" WHERE "cities"."country_id" = $1 LIMIT $2[0m  [["country_id", 1], ["LIMIT", 11]]
  [1m[36mMonth Load (0.8ms)[0m  [1m[34mSELECT  "months".* FROM "months" ORDER BY "months"."id" ASC LIMIT $1[0m  [["LIMIT", 1]]
  [1m[36mMonth Load (1.1ms)[0m  [1m[34mSELECT  "months".* FROM "months" ORDER BY "months"."id" ASC LIMIT $1[0m  [["LIMIT", 1]]
  [1m[36mMonth Load (0.8ms)[0m  [1m[34mSELECT  "months".* FROM "months" ORDER BY "months"."id" ASC LIMIT $1[0m  [["LIMIT", 1]]
  [1m[36mMonth Load (1.0ms)[0m  [1m[34mSELECT  "months".* FROM "months" ORDER BY "months"."id" ASC LIMIT $1[0m  [["LIMIT", 1]]
  [1m[36mMonth Load (0.8ms)[0m  [1m[34mSELECT  "months".* FROM "months" ORDER BY "months"."id" ASC LIMIT $1[0m  [["LIMIT", 1]]
  [1m[36mCountry Load (0.3ms)[0m  [1m[34mSELECT  "countries".* FROM "countries" ORDER BY "countries"."id" ASC LIMIT $1[0m  [["LIMIT", 1]]
  [1m[36mCountry Load (0.9ms)[0m  [1m[34mSELECT  "countries".* FROM "countries" ORDER BY "countries"."id" ASC LIMIT $1[0m  [["LIMIT", 1]]
  [1m[35m (0.2ms)[0m  [1m[34mSELECT pg_try_advisory_lock(2844160155362222340)[0m
  [1m[35m (0.4ms)[0m  [1m[34mSELECT "schema_migrations"."version" FROM "schema_migrations" ORDER BY "schema_migrations"."version" ASC[0m
Migrating to CreateCountriesMonthsJoinTable (20180522153808)
  [1m[35m (0.1ms)[0m  [1m[35mBEGIN[0m
  [1m[35m (0.7ms)[0m  [1m[35mCREATE TABLE "countries_months" ("country_id" bigint NOT NULL, "month_id" bigint NOT NULL)[0m
  [1m[35mSQL (0.2ms)[0m  [1m[32mINSERT INTO "schema_migrations" ("version") VALUES ($1) RETURNING "version"[0m  [["version", "20180522153808"]]
  [1m[35m (4.7ms)[0m  [1m[35mCOMMIT[0m
  [1m[36mActiveRecord::InternalMetadata Load (0.3ms)[0m  [1m[34mSELECT  "ar_internal_metadata".* FROM "ar_internal_metadata" WHERE "ar_internal_metadata"."key" = $1 LIMIT $2[0m  [["key", "environment"], ["LIMIT", 1]]
  [1m[35m (0.2ms)[0m  [1m[35mBEGIN[0m
  [1m[35m (0.1ms)[0m  [1m[35mCOMMIT[0m
  [1m[35m (0.2ms)[0m  [1m[34mSELECT pg_advisory_unlock(2844160155362222340)[0m
  [1m[35m (0.2ms)[0m  [1m[34mSELECT "schema_migrations"."version" FROM "schema_migrations" ORDER BY "schema_migrations"."version" ASC[0m
  [1m[36mCountry Load (0.3ms)[0m  [1m[34mSELECT  "countries".* FROM "countries" ORDER BY "countries"."id" ASC LIMIT $1[0m  [["LIMIT", 1]]
  [1m[36mMonth Load (0.3ms)[0m  [1m[34mSELECT  "months".* FROM "months" INNER JOIN "countries_months" ON "months"."id" = "countries_months"."month_id" WHERE "countries_months"."country_id" = $1 LIMIT $2[0m  [["country_id", 1], ["LIMIT", 11]]
  [1m[36mMonth Load (0.7ms)[0m  [1m[34mSELECT  "months".* FROM "months" ORDER BY "months"."id" ASC LIMIT $1[0m  [["LIMIT", 1]]
  [1m[36mCountry Load (0.8ms)[0m  [1m[34mSELECT  "countries".* FROM "countries" ORDER BY "countries"."id" ASC LIMIT $1[0m  [["LIMIT", 1]]
  [1m[36mMonth Load (1.3ms)[0m  [1m[34mSELECT  "months".* FROM "months" ORDER BY "months"."id" ASC LIMIT $1[0m  [["LIMIT", 1]]
  [1m[36mCountry Load (1.0ms)[0m  [1m[34mSELECT  "countries".* FROM "countries" ORDER BY "countries"."id" ASC LIMIT $1[0m  [["LIMIT", 1]]
  [1m[36mMonth Load (0.8ms)[0m  [1m[34mSELECT  "months".* FROM "months" ORDER BY "months"."id" ASC LIMIT $1[0m  [["LIMIT", 1]]
  [1m[35m (0.4ms)[0m  [1m[35mBEGIN[0m
  [1m[35mSQL (1.0ms)[0m  [1m[32mINSERT INTO "countries_months" ("country_id", "month_id") VALUES ($1, $2)[0m  [["country_id", 1], ["month_id", 1]]
  [1m[35m (4.0ms)[0m  [1m[35mCOMMIT[0m
  [1m[36mMonth Load (0.9ms)[0m  [1m[34mSELECT  "months".* FROM "months" INNER JOIN "countries_months" ON "months"."id" = "countries_months"."month_id" WHERE "countries_months"."country_id" = $1 LIMIT $2[0m  [["country_id", 1], ["LIMIT", 11]]
  [1m[36mCountry Load (0.9ms)[0m  [1m[34mSELECT  "countries".* FROM "countries" ORDER BY "countries"."id" ASC LIMIT $1[0m  [["LIMIT", 1]]
  [1m[36mMonth Load (1.0ms)[0m  [1m[34mSELECT  "months".* FROM "months" INNER JOIN "countries_months" ON "months"."id" = "countries_months"."month_id" WHERE "countries_months"."country_id" = $1 LIMIT $2[0m  [["country_id", 1], ["LIMIT", 11]]
  [1m[36mHotel Load (0.3ms)[0m  [1m[34mSELECT  "hotels".* FROM "hotels" ORDER BY "hotels"."id" ASC LIMIT $1[0m  [["LIMIT", 1]]
  [1m[36mCountry Load (0.3ms)[0m  [1m[34mSELECT  "countries".* FROM "countries" ORDER BY "countries"."id" ASC LIMIT $1[0m  [["LIMIT", 1]]
Started GET "/" for 127.0.0.1 at 2018-05-22 11:51:46 -0400
  [1m[35m (0.6ms)[0m  [1m[34mSELECT "schema_migrations"."version" FROM "schema_migrations" ORDER BY "schema_migrations"."version" ASC[0m
Processing by Rails::WelcomeController#index as HTML
  Rendering /home/behram/.rbenv/versions/2.5.1/lib/ruby/gems/2.5.0/gems/railties-5.1.6/lib/rails/templates/rails/welcome/index.html.erb
  Rendered /home/behram/.rbenv/versions/2.5.1/lib/ruby/gems/2.5.0/gems/railties-5.1.6/lib/rails/templates/rails/welcome/index.html.erb (2.8ms)
Completed 200 OK in 12ms (Views: 5.6ms | ActiveRecord: 0.0ms)


Started GET "/" for 127.0.0.1 at 2018-05-22 11:56:16 -0400
  [1m[35m (0.5ms)[0m  [1m[34mSELECT "schema_migrations"."version" FROM "schema_migrations" ORDER BY "schema_migrations"."version" ASC[0m
Processing by MonthsController#index as HTML
  Rendering months/index.html.erb within layouts/application
  Rendered months/index.html.erb within layouts/application (0.6ms)
Completed 200 OK in 1163ms (Views: 1156.2ms | ActiveRecord: 0.0ms)


